c:\users\kemalduran\desktop\paınt_proje\paınt_terk\debug\vc120.pdb
c:\users\kemalduran\desktop\paınt_proje\paınt_terk\debug\vc120.ıdb
c:\users\kemalduran\desktop\paınt_proje\paınt_terk\debug\bmploader.obj
c:\users\kemalduran\desktop\paınt_proje\paınt_terk\debug\pcxloader.obj
c:\users\kemalduran\desktop\paınt_proje\paınt_terk\debug\tgaloader.obj
c:\users\kemalduran\desktop\paınt_proje\paınt_terk\debug\ımagesaver.obj
c:\users\kemalduran\desktop\paınt_proje\paınt_terk\debug\maın.obj
c:\users\kemalduran\desktop\paınt_proje\paınt_terk\debug\texture.obj
c:\users\kemalduran\desktop\paınt_proje\paınt_terk\debug\paınt_terk.ılk
c:\users\kemalduran\desktop\paınt_proje\paınt_terk\debug\paınt_terk.exe
c:\users\kemalduran\desktop\paınt_proje\paınt_terk\debug\example1.pdb
c:\users\kemalduran\desktop\paint_proje\paint_terk\debug\bmploader.obj
c:\users\kemalduran\desktop\paint_proje\paint_terk\debug\ımagesaver.obj
c:\users\kemalduran\desktop\paint_proje\paint_terk\debug\main.obj
c:\users\kemalduran\desktop\paint_proje\paint_terk\debug\pcxloader.obj
c:\users\kemalduran\desktop\paint_proje\paint_terk\debug\texture.obj
c:\users\kemalduran\desktop\paint_proje\paint_terk\debug\tgaloader.obj
c:\users\kemalduran\desktop\paint_proje\paint_terk\debug\paint_terk.ilk
c:\users\kemalduran\desktop\paint_proje\paint_terk\debug\vc120.idb
c:\users\kemalduran\desktop\paint_proje\paint_terk\debug\example1.pdb
c:\users\kemalduran\desktop\paint_proje\paint_terk\debug\vc120.pdb
c:\users\kemalduran\desktop\paint_proje\paint_terk\debug\paint_terk.exe
c:\users\kemalduran\desktop\paint_proje\paint_terk\debug\paint_terk.tlog\cl.command.1.tlog
c:\users\kemalduran\desktop\paint_proje\paint_terk\debug\paint_terk.tlog\cl.read.1.tlog
c:\users\kemalduran\desktop\paint_proje\paint_terk\debug\paint_terk.tlog\cl.write.1.tlog
c:\users\kemalduran\desktop\paint_proje\paint_terk\debug\paint_terk.tlog\link.command.1.tlog
c:\users\kemalduran\desktop\paint_proje\paint_terk\debug\paint_terk.tlog\link.read.1.tlog
c:\users\kemalduran\desktop\paint_proje\paint_terk\debug\paint_terk.tlog\link.write.1.tlog
